[2023-05-19 02:29:56] sql.INFO: [158.24] select `column_key` as `column_key`, `column_name` as `column_name`, `data_type` as `data_type`, `column_comment` as `column_comment`, `extra` as `extra`, `column_type` as `column_type` from information_schema.columns where `table_schema` = 'lhygv3_test' and `table_name` = 'ly_Member' order by ORDINAL_POSITION [] []
[2023-05-19 02:30:29] sql.INFO: [796.42] select `column_key` as `column_key`, `column_name` as `column_name`, `data_type` as `data_type`, `column_comment` as `column_comment`, `extra` as `extra`, `column_type` as `column_type` from information_schema.columns where `table_schema` = 'lhygv3_test' and `table_name` = 'ly_db_member' order by ORDINAL_POSITION [] []
[2023-05-19 02:31:20] sql.INFO: [160.18] select `column_key` as `column_key`, `column_name` as `column_name`, `data_type` as `data_type`, `column_comment` as `column_comment`, `extra` as `extra`, `column_type` as `column_type` from information_schema.columns where `table_schema` = 'lhygv3_test' and `table_name` = 'ly_member' order by ORDINAL_POSITION [] []
[2023-05-19 02:38:45] sql.INFO: [145.05] select * from `ly_Member` where `ly_Member`.`id` = '7293' limit 1 [] []
[2023-05-19 08:26:05] sql.INFO: [142.46] select `column_key` as `column_key`, `column_name` as `column_name`, `data_type` as `data_type`, `column_comment` as `column_comment`, `extra` as `extra`, `column_type` as `column_type` from information_schema.columns where `table_schema` = 'lhygv3_test' and `table_name` = 'ly_order_test' order by ORDINAL_POSITION [] []
[2023-05-19 10:19:48] sql.INFO: [164.34] select * from `ly_Member` where `ly_Member`.`id` = '7293' limit 1 [] []
[2023-05-20 02:28:30] sql.INFO: [148.79] insert into `ly_order_test` (`orderCode`, `status`, `updated_at`, `created_at`) values ('1684549709', '1', '2023-05-20 02:28:29', '2023-05-20 02:28:29') [] []
[2023-05-21 03:39:59] sql.INFO: [160.43] select * from `ly_Member` where `ly_Member`.`id` = '7293' limit 1 [] []
[2023-05-22 01:09:12] sql.INFO: [145.62] select `code` from `ly_code` [] []
[2023-05-22 01:27:05] sql.INFO: [159.4] insert into `ly_order_test` (`orderCode`, `status`, `updated_at`, `created_at`) values ('1684718824', '1', '2023-05-22 01:27:05', '2023-05-22 01:27:05') [] []
[2023-05-22 01:35:05] sql.INFO: [133.6] insert into `ly_order_test` (`orderCode`, `status`, `updated_at`, `created_at`) values ('1684719305', '1', '2023-05-22 01:35:05', '2023-05-22 01:35:05') [] []
[2023-05-22 07:50:19] sql.INFO: [517.8] select count(*) as aggregate from `ly_person_info` where `idcard` = '130129199512191014' [] []
[2023-05-22 07:52:55] sql.INFO: [279.14] select count(*) as aggregate from `ly_person_info` where `idcard` = '130129199512191014' [] []
[2023-05-23 01:54:01] sql.INFO: [217.56] insert into `ly_order_test` (`orderCode`, `status`, `updated_at`, `created_at`) values ('1684806838', '1', '2023-05-23 01:54:01', '2023-05-23 01:54:01') [] []
[2023-05-23 02:18:55] sql.INFO: [136.56] insert into `ly_order_test` (`orderCode`, `status`, `updated_at`, `created_at`) values ('1684808335', '1', '2023-05-23 02:18:55', '2023-05-23 02:18:55') [] []
[2023-05-23 07:12:05] sql.INFO: [142.57] select `column_key` as `column_key`, `column_name` as `column_name`, `data_type` as `data_type`, `column_comment` as `column_comment`, `extra` as `extra`, `column_type` as `column_type` from information_schema.columns where `table_schema` = 'lhygv3_test' and `table_name` = 'ly_PersonInfo' order by ORDINAL_POSITION [] []
[2023-05-23 07:22:14] sql.INFO: [161.72] select `id` from `ly_person_info` where `idcard` = '130129199512191014' limit 1 [] []
[2023-05-23 07:24:22] sql.INFO: [152.42] select `id` from `ly_person_info` where `idcard` = '130129199512191014' limit 1 [] []
[2023-05-23 07:29:49] sql.INFO: [148.84] select `column_key` as `column_key`, `column_name` as `column_name`, `data_type` as `data_type`, `column_comment` as `column_comment`, `extra` as `extra`, `column_type` as `column_type` from information_schema.columns where `table_schema` = 'lhygv3_test' and `table_name` = 'ly_Img' order by ORDINAL_POSITION [] []
[2023-05-23 07:39:12] sql.INFO: [922.57] select `id` from `ly_person_info` where `idcard` = '130129199512191014' limit 1 [] []
[2023-05-23 07:55:19] sql.INFO: [270.17] select `id` from `ly_person_info` where `idcard` = '130129199512191014' limit 1 [] []
[2023-05-23 07:57:07] sql.INFO: [248.66] select `id` from `ly_person_info` where `idcard` = '130129199512191014' limit 1 [] []
[2023-05-23 07:57:07] sql.INFO: [55.81] insert into `ly_img` (`source`, `url`) values ('2', 'Upload/V3/idcard/2023-05-22/646b323d11292.jpg') [] []
[2023-05-23 07:57:07] sql.INFO: [40.52] insert into `ly_img` (`source`, `url`) values ('2', 'Upload/V3/idcard/2023-05-22/646b32aa2c25d.png') [] []
[2023-05-23 07:57:07] sql.INFO: [55.69] insert into `ly_img` (`source`, `url`) values ('2', 'Upload/V3/idcard/2023-05-22/646b3c045ce59.jpg') [] []
[2023-05-23 07:57:49] sql.INFO: [534.31] select `id` from `ly_person_info` where `idcard` = '130129199512191014' limit 1 [] []
[2023-05-23 07:57:49] sql.INFO: [46.75] insert into `ly_img` (`source`, `url`) values ('2', 'Upload/V3/idcard/2023-05-22/646b323d11292.jpg') [] []
[2023-05-23 07:57:49] sql.INFO: [64.97] insert into `ly_img` (`source`, `url`) values ('2', 'Upload/V3/idcard/2023-05-22/646b32aa2c25d.png') [] []
[2023-05-23 07:57:50] sql.INFO: [54.3] insert into `ly_img` (`source`, `url`) values ('2', 'Upload/V3/idcard/2023-05-22/646b3c045ce59.jpg') [] []
[2023-05-23 07:59:00] sql.INFO: [702.86] select `id` from `ly_person_info` where `idcard` = '130129199512191014' limit 1 [] []
[2023-05-23 07:59:00] sql.INFO: [42.82] insert into `ly_img` (`source`, `url`) values ('2', 'Upload/V3/idcard/2023-05-22/646b323d11292.jpg') [] []
[2023-05-23 07:59:00] sql.INFO: [51.27] insert into `ly_img` (`source`, `url`) values ('2', 'Upload/V3/idcard/2023-05-22/646b32aa2c25d.png') [] []
[2023-05-23 07:59:00] sql.INFO: [46.56] insert into `ly_img` (`source`, `url`) values ('2', 'Upload/V3/idcard/2023-05-22/646b3c045ce59.jpg') [] []
[2023-05-23 07:59:00] sql.INFO: [47.9] update `ly_person_info` set `frontimg` = '78543', `backimg` = '78544', `holdimg` = '78545', `real_name` = '武佳伟', `idcard` = '130129199512191014', `create_time` = '1684828740', `sex` = '1', `age` = '27' where `member_id` = '7293' [] []
[2023-05-23 07:59:00] sql.INFO: [57.01] update `ly_member` set `person_status` = '1' where `id` = '7293' [] []
[2023-05-23 08:01:22] sql.INFO: [496.38] select `id` from `ly_person_info` where `idcard` = '130129199512191014' limit 1 [] []
[2023-05-23 08:01:22] sql.INFO: [35.53] insert into `ly_img` (`source`, `url`) values ('2', 'Upload/V3/idcard/2023-05-22/646b323d11292.jpg') [] []
[2023-05-23 08:01:22] sql.INFO: [36.92] insert into `ly_img` (`source`, `url`) values ('2', 'Upload/V3/idcard/2023-05-22/646b32aa2c25d.png') [] []
[2023-05-23 08:01:23] sql.INFO: [90.72] insert into `ly_img` (`source`, `url`) values ('2', 'Upload/V3/idcard/2023-05-22/646b3c045ce59.jpg') [] []
[2023-05-23 08:01:23] sql.INFO: [45.57] update `ly_person_info` set `frontimg` = '78546', `backimg` = '78547', `holdimg` = '78548', `real_name` = '武佳伟', `idcard` = '130129199512191014', `create_time` = '1684828883', `sex` = '1', `age` = '27' where `member_id` = '7293' [] []
[2023-05-23 08:01:23] sql.INFO: [44.76] update `ly_member` set `person_status` = '1' where `id` = '7293' [] []
